0 silly argv {
0 silly argv   _: [ 'run' ],
0 silly argv   lernaVersion: '6.6.2',
0 silly argv   '$0': '/Users/zenus/Documents/GitHub/v2-off-chain-monorepo/node_modules/.bin/lerna',
0 silly argv   script: 'build'
0 silly argv }
1 notice cli v6.6.2
2 verbose rootPath /Users/zenus/Documents/GitHub/v2-off-chain-monorepo
3 info versioning independent
4 warn EWORKSPACES Workspaces exist in the root package.json, but Lerna is not configured to use them.
4 warn EWORKSPACES To fix this and have Lerna use workspaces to resolve packages, set `useWorkspaces: true` in lerna.json.
5 error JSONError: Unexpected token "}" (0x7D) in JSON at position 878 while parsing near "...tests}/**/*.ts'\",\n  },\n  \"packageManager..." in packages/api-types/package.json
5 error
5 error [0m [90m 19 |[39m     [32m"lint:fix"[39m[33m:[39m [32m"npx eslint --fix '{src,tests}/**/*.ts'"[39m[33m,[39m[0m
5 error [0m [90m 20 |[39m     [32m"prettier:fix"[39m[33m:[39m [32m"npx prettier --loglevel silent --write './{src,tests}/**/*.ts'"[39m[33m,[39m[0m
5 error [0m[31m[1m>[22m[39m[90m 21 |[39m   }[33m,[39m[0m
5 error [0m [90m    |[39m   [31m[1m^[22m[39m[0m
5 error [0m [90m 22 |[39m   [32m"packageManager"[39m[33m:[39m [32m"yarn@3.5.1"[39m[0m
5 error [0m [90m 23 |[39m }[0m
5 error [0m [90m 24 |[39m[0m
5 error
5 error     at parseJson (/Users/zenus/Documents/GitHub/v2-off-chain-monorepo/node_modules/parse-json/index.js:29:21)
5 error     at parse (/Users/zenus/Documents/GitHub/v2-off-chain-monorepo/node_modules/load-json-file/index.js:15:9)
5 error     at module.exports (/Users/zenus/Documents/GitHub/v2-off-chain-monorepo/node_modules/load-json-file/index.js:18:47)
